[1/100] Running: Show accounting documents with their entries and coding...
  -> exit 0
[2/100] Running: List proposals with their insured risks and insurance p...
  -> exit 0
[3/100] Running: Users and their roles with role name...
  -> exit 1
[4/100] Running: Accounting document with parent and related document...
  -> exit 0
[5/100] Running: Proposals joined to persons and proposal states...
  -> exit 0
[6/100] Running: Payments with payment file and user who created...
  -> exit 1
[7/100] Running: Documents with amendment requests and confirm user...
  -> exit 1
[8/100] Running: Addendums with base addendum and linked proposal insure...
  -> exit 0
[9/100] Running: Entries with document, coding and subcoding...
  -> exit 0
[10/100] Running: Policy with beneficiary and insurer...
  -> exit 0
[11/100] Running: Documents created in last 7 days where type is 1 or 2...
  -> exit 0
[12/100] Running: Proposals with status between 1 and 5 created after 202...
  -> exit 0
[13/100] Running: Users active and not deleted with email containing @com...
  -> exit 0
[14/100] Running: Accounting entries where amount greater than 1000 and d...
  -> exit 0
[15/100] Running: Policies that are active and have premium payment term ...
  -> exit 1
[16/100] Running: Proposals by status with count greater than 10...
  -> exit 0
[17/100] Running: Documents where reference number is not null order by d...
  -> exit 0
[18/100] Running: Users who have logged in in the last 30 days...
  -> exit 0
[19/100] Running: Entries grouped by coding with sum of amount...
  -> exit 0
[20/100] Running: Addendums of type beneficiary change in last quarter...
  -> exit 0
[21/100] Running: Count of proposals per status...
  -> exit 0
[22/100] Running: Sum of amounts by document type in accounting...
  -> exit 1
[23/100] Running: Average premium by insurance plan...
  -> exit 0
[24/100] Running: Max and min date of documents per year...
  -> exit 1
[25/100] Running: Count distinct users per role...
  -> exit 0
[26/100] Running: Total entries per coding code...
  -> exit 0
[27/100] Running: Number of addendums per base addendum type...
  -> exit 0
[28/100] Running: Count policies grouped by status and plan...
  -> exit 0
[29/100] Running: Sum of payment amounts by month...
  -> exit 0
[30/100] Running: Count documents by parent and type...
  -> exit 0
[31/100] Running: لیست پیشنهادهای تایید شده...
  -> exit 0
[32/100] Running: تعداد کاربران فعال...
  -> exit 0
[33/100] Running: سندهای حسابداری هفته گذشته...
  -> exit 0
[34/100] Running: بیمه‌نامه‌های منقضی شده...
  -> exit 0
[35/100] Running: پرداخت‌های موفق آخرین ماه...
  -> exit 1
[36/100] Running: گزارش پیشنهاد به تفکیک وضعیت...
  -> exit 0
[37/100] Running: افراد با کد ملی خالی...
  -> exit 1
[38/100] Running: چند تا سند اصلاحیه داریم...
  -> exit 0
[39/100] Running: لیست نقش‌های کاربری...
  -> exit 1
[40/100] Running: مجموع مبالغ به تفکیک نوع سند...
  -> exit 1
[41/100] Running: Show me everything from last week...
  -> exit 1
[42/100] Running: Give me reports...
  -> exit 0
[43/100] Running: What do we have...
  -> exit 0
[44/100] Running: List data...
  -> exit 1
[45/100] Running: Summary...
  -> exit 0
[46/100] Running: All of them...
  -> exit 0
[47/100] Running: Recent stuff...
  -> exit 0
[48/100] Running: Important records...
  -> exit 1
[49/100] Running: Things that need attention...
  -> exit 0
[50/100] Running: Whatever is active...
  -> exit 0
[51/100] Running: I need a list of all accounting documents that were cre...
  -> exit 1
[52/100] Running: Show proposals that are in status approved or pending a...
  -> exit 0
[53/100] Running: List every user with their username and email and the n...
  -> exit 0
[54/100] Running: Accounting entries joined to their document and to the ...
  -> exit 0
[55/100] Running: I want to see addendums of type beneficiary change or p...
  -> exit 0
[56/100] Running: Documents where type = 1...
  -> exit 0
[57/100] Running: Select * from Accounting.Document where Date > '2024-01...
  -> exit 0
[58/100] Running: User's list...
  -> exit 0
[59/100] Running: Proposals (active only)...
  -> exit 0
[60/100] Running: Count(*) from Document...
  -> exit 0
[61/100] Running: List users where id is 1...
  -> exit 0
[62/100] Running: Show documents; comment...
  -> exit 0
[63/100] Running: Proposals where status in (1,2,3)...
  -> exit 1
[64/100] Running: Users order by Id...
