[19/100] Running: Entries grouped by coding with sum of amount...
  -> TIMEOUT
[20/100] Running: Addendums of type beneficiary change in last quarter...
  -> exit 0
[21/100] Running: Count of proposals per status...
  -> TIMEOUT
[22/100] Running: Sum of amounts by document type in accounting...
  -> TIMEOUT
[23/100] Running: Average premium by insurance plan...
  -> TIMEOUT
[24/100] Running: Max and min date of documents per year...
  -> TIMEOUT
[25/100] Running: Count distinct users per role...
  -> exit 0
[26/100] Running: Total entries per coding code...
  -> TIMEOUT
[27/100] Running: Number of addendums per base addendum type...
  -> TIMEOUT
[28/100] Running: Count policies grouped by status and plan...
  -> TIMEOUT
[29/100] Running: Sum of payment amounts by month...
  -> TIMEOUT
[30/100] Running: Count documents by parent and type...
  -> TIMEOUT
[31/100] Running: لیست پیشنهادهای تایید شده...
  -> exit 1
[32/100] Running: تعداد کاربران فعال...
  -> TIMEOUT
[33/100] Running: سندهای حسابداری هفته گذشته...
  -> TIMEOUT
[34/100] Running: بیمه‌نامه‌های منقضی شده...
  -> exit -9
[35/100] Running: پرداخت‌های موفق آخرین ماه...
  -> exit -9
[36/100] Running: گزارش پیشنهاد به تفکیک وضعیت...
  -> exit -9
[37/100] Running: افراد با کد ملی خالی...
  -> exit -9
[38/100] Running: چند تا سند اصلاحیه داریم...
  -> exit 1
[39/100] Running: لیست نقش‌های کاربری...
  -> exit 0
[40/100] Running: مجموع مبالغ به تفکیک نوع سند...
  -> exit -9
[41/100] Running: Show me everything from last week...
  -> exit -9
[42/100] Running: Give me reports...
  -> exit -9
[43/100] Running: What do we have...
  -> exit -9
[44/100] Running: List data...
  -> exit -9
[45/100] Running: Summary...
  -> exit -9
[46/100] Running: All of them...
  -> exit -9
[47/100] Running: Recent stuff...
  -> exit -9
[48/100] Running: Important records...
  -> exit -9
[49/100] Running: Things that need attention...
  -> exit -9
[50/100] Running: Whatever is active...
  -> exit -9
[51/100] Running: I need a list of all accounting documents that were cre...
  -> exit -9
[52/100] Running: Show proposals that are in status approved or pending a...
  -> exit -9
[53/100] Running: List every user with their username and email and the n...
  -> exit -9
[54/100] Running: Accounting entries joined to their document and to the ...
  -> exit -9
[55/100] Running: I want to see addendums of type beneficiary change or p...
  -> exit -9
[56/100] Running: Documents where type = 1...
  -> exit -9
[57/100] Running: Select * from Accounting.Document where Date > '2024-01...
  -> exit -9
[58/100] Running: User's list...
  -> exit -9
[59/100] Running: Proposals (active only)...
  -> exit -9
[60/100] Running: Count(*) from Document...
  -> exit -9
[61/100] Running: List users where id is 1...
  -> exit -9
[62/100] Running: Show documents; comment...
  -> exit -9
[63/100] Running: Proposals where status in (1,2,3)...
  -> exit -9
[64/100] Running: Users order by Id...
  -> exit -9
[65/100] Running: Select Id from Accounting.Document...
  -> exit -9
[66/100] Running: acounting documnts...
  -> exit -9
[67/100] Running: proposlas by statu...
  -> exit -9
[68/100] Running: usrs and roels...
  -> exit -9
[69/100] Running: lisr of polocies...
  -> exit -9
[70/100] Running: docuemnts form last weak...
  -> exit -9
[71/100] Running: Documents from 2024-06-01 to 2024-06-30...
  -> exit -9
[72/100] Running: Proposals created on 2025-01-15...
  -> exit -9
[73/100] Running: Users with more than 5 logins...
  -> exit -9
[74/100] Running: Entries with amount between 100 and 500...
  -> exit -9
[75/100] Running: Policies expiring in next 30 days...
  -> exit -9
[76/100] Running: Documents that are not type 0...
  -> exit -9
[77/100] Running: Users who are not deleted...
  -> exit -9
[78/100] Running: Proposals not in draft status...
  -> exit -9
[79/100] Running: Entries without a linked subcoding...
  -> exit -9
[80/100] Running: Policies that do not have addendums...
  -> exit -9
[81/100] Running: Documents that have at least one entry with amount > 10...
  -> exit -9
[82/100] Running: Proposals that have insured risks and are in approved s...
  -> exit -9
[83/100] Running: Users who have a role and are active...
  -> exit -9
[84/100] Running: Accounting documents with parent type 1 or no parent...
  -> exit -9
[85/100] Running: Addendums linked to proposal insured risk where the ris...
  -> exit -9
[86/100] Running: Top 10 documents by date with their entry count...
  -> exit -9
[87/100] Running: Proposals with their person name and state name and cou...
  -> exit -9
[88/100] Running: Users with role, last login date, and count of operatio...
  -> exit -9
[89/100] Running: Documents with parent reference and related document re...
  -> exit -9
[90/100] Running: Payments grouped by user and by month with total amount...
  -> exit -9
[91/100] Running: Policies with plan name and beneficiary count...
  -> exit -9
[92/100] Running: Entries with document reference and coding title and su...
  -> exit -9
[93/100] Running: Addendums with base addendum date and type description...
  -> exit -9
[94/100] Running: Full join of document and entry and coding...
  -> exit -9
[95/100] Running: Proposals with person and state and plan and insured ri...
  -> exit -9
[96/100] Running: Sum of debit and credit by document and coding...
